{"/Users/cashmoneyhoney/Desktop/meet/src/App.js": {"path":"/Users/cashmoneyhoney/Desktop/meet/src/App.js","statementMap":{"0":{"start":{"line":9,"column":12},"end":{"line":35,"column":1}},"1":{"start":{"line":10,"column":30},"end":{"line":10,"column":42}},"2":{"start":{"line":11,"column":38},"end":{"line":11,"column":50}},"3":{"start":{"line":12,"column":42},"end":{"line":12,"column":54}},"4":{"start":{"line":13,"column":40},"end":{"line":13,"column":66}},"5":{"start":{"line":15,"column":2},"end":{"line":17,"column":20}},"6":{"start":{"line":16,"column":4},"end":{"line":16,"column":16}},"7":{"start":{"line":19,"column":20},"end":{"line":26,"column":3}},"8":{"start":{"line":20,"column":22},"end":{"line":20,"column":39}},"9":{"start":{"line":21,"column":27},"end":{"line":23,"column":63}},"10":{"start":{"line":23,"column":32},"end":{"line":23,"column":62}},"11":{"start":{"line":24,"column":4},"end":{"line":24,"column":51}},"12":{"start":{"line":25,"column":4},"end":{"line":25,"column":49}},"13":{"start":{"line":28,"column":4},"end":{"line":34,"column":6}}},"fnMap":{"0":{"name":"(anonymous_0)","decl":{"start":{"line":9,"column":12},"end":{"line":9,"column":13}},"loc":{"start":{"line":9,"column":18},"end":{"line":35,"column":1}},"line":9},"1":{"name":"(anonymous_1)","decl":{"start":{"line":15,"column":12},"end":{"line":15,"column":13}},"loc":{"start":{"line":15,"column":18},"end":{"line":17,"column":3}},"line":15},"2":{"name":"(anonymous_2)","decl":{"start":{"line":19,"column":20},"end":{"line":19,"column":21}},"loc":{"start":{"line":19,"column":32},"end":{"line":26,"column":3}},"line":19},"3":{"name":"(anonymous_3)","decl":{"start":{"line":23,"column":23},"end":{"line":23,"column":24}},"loc":{"start":{"line":23,"column":32},"end":{"line":23,"column":62}},"line":23}},"branchMap":{"0":{"loc":{"start":{"line":21,"column":27},"end":{"line":23,"column":63}},"type":"cond-expr","locations":[{"start":{"line":22,"column":6},"end":{"line":22,"column":15}},{"start":{"line":23,"column":6},"end":{"line":23,"column":63}}],"line":21}},"s":{"0":3,"1":12,"2":11,"3":11,"4":11,"5":11,"6":7,"7":11,"8":7,"9":7,"10":33,"11":7,"12":7,"13":11},"f":{"0":12,"1":7,"2":7,"3":33},"b":{"0":[6,1]},"_coverageSchema":"1a1c01bbd47fc00a2c39e90264f33305004495a9","hash":"4a4fcf6c405299d746d7dcf769049462007909e9"}
,"/Users/cashmoneyhoney/Desktop/meet/src/api.js": {"path":"/Users/cashmoneyhoney/Desktop/meet/src/api.js","statementMap":{"0":{"start":{"line":3,"column":32},"end":{"line":7,"column":1}},"1":{"start":{"line":4,"column":31},"end":{"line":4,"column":68}},"2":{"start":{"line":4,"column":53},"end":{"line":4,"column":67}},"3":{"start":{"line":5,"column":22},"end":{"line":5,"column":54}},"4":{"start":{"line":6,"column":4},"end":{"line":6,"column":21}},"5":{"start":{"line":9,"column":25},"end":{"line":11,"column":1}},"6":{"start":{"line":10,"column":4},"end":{"line":10,"column":20}}},"fnMap":{"0":{"name":"(anonymous_0)","decl":{"start":{"line":3,"column":32},"end":{"line":3,"column":33}},"loc":{"start":{"line":3,"column":44},"end":{"line":7,"column":1}},"line":3},"1":{"name":"(anonymous_1)","decl":{"start":{"line":4,"column":42},"end":{"line":4,"column":43}},"loc":{"start":{"line":4,"column":53},"end":{"line":4,"column":67}},"line":4},"2":{"name":"(anonymous_2)","decl":{"start":{"line":9,"column":25},"end":{"line":9,"column":26}},"loc":{"start":{"line":9,"column":37},"end":{"line":11,"column":1}},"line":9}},"branchMap":{},"s":{"0":3,"1":10,"2":330,"3":10,"4":10,"5":3,"6":12},"f":{"0":10,"1":330,"2":12},"b":{},"_coverageSchema":"1a1c01bbd47fc00a2c39e90264f33305004495a9","hash":"47efa470644c88a29a45435f45dbcae576450804"}
,"/Users/cashmoneyhoney/Desktop/meet/src/mock-data.js": {"path":"/Users/cashmoneyhoney/Desktop/meet/src/mock-data.js","statementMap":{"0":{"start":{"line":1,"column":17},"end":{"line":1289,"column":1}}},"fnMap":{},"branchMap":{},"s":{"0":4},"f":{},"b":{},"_coverageSchema":"1a1c01bbd47fc00a2c39e90264f33305004495a9","hash":"297ad184d674e15f8590813e069dba95cb3463d4"}
,"/Users/cashmoneyhoney/Desktop/meet/src/components/CitySearch.js": {"path":"/Users/cashmoneyhoney/Desktop/meet/src/components/CitySearch.js","statementMap":{"0":{"start":{"line":3,"column":19},"end":{"line":49,"column":1}},"1":{"start":{"line":4,"column":50},"end":{"line":4,"column":65}},"2":{"start":{"line":5,"column":30},"end":{"line":5,"column":42}},"3":{"start":{"line":6,"column":42},"end":{"line":6,"column":54}},"4":{"start":{"line":8,"column":4},"end":{"line":10,"column":28}},"5":{"start":{"line":9,"column":8},"end":{"line":9,"column":37}},"6":{"start":{"line":12,"column":31},"end":{"line":20,"column":5}},"7":{"start":{"line":13,"column":22},"end":{"line":13,"column":40}},"8":{"start":{"line":14,"column":34},"end":{"line":16,"column":15}},"9":{"start":{"line":15,"column":12},"end":{"line":15,"column":76}},"10":{"start":{"line":18,"column":8},"end":{"line":18,"column":24}},"11":{"start":{"line":19,"column":8},"end":{"line":19,"column":42}},"12":{"start":{"line":22,"column":30},"end":{"line":27,"column":5}},"13":{"start":{"line":23,"column":22},"end":{"line":23,"column":46}},"14":{"start":{"line":24,"column":8},"end":{"line":24,"column":24}},"15":{"start":{"line":25,"column":8},"end":{"line":25,"column":34}},"16":{"start":{"line":26,"column":8},"end":{"line":26,"column":30}},"17":{"start":{"line":29,"column":4},"end":{"line":48,"column":6}},"18":{"start":{"line":36,"column":31},"end":{"line":36,"column":55}},"19":{"start":{"line":41,"column":20},"end":{"line":41,"column":93}}},"fnMap":{"0":{"name":"(anonymous_0)","decl":{"start":{"line":3,"column":19},"end":{"line":3,"column":20}},"loc":{"start":{"line":3,"column":57},"end":{"line":49,"column":1}},"line":3},"1":{"name":"(anonymous_1)","decl":{"start":{"line":8,"column":14},"end":{"line":8,"column":15}},"loc":{"start":{"line":8,"column":20},"end":{"line":10,"column":5}},"line":8},"2":{"name":"(anonymous_2)","decl":{"start":{"line":12,"column":31},"end":{"line":12,"column":32}},"loc":{"start":{"line":12,"column":42},"end":{"line":20,"column":5}},"line":12},"3":{"name":"(anonymous_3)","decl":{"start":{"line":14,"column":69},"end":{"line":14,"column":70}},"loc":{"start":{"line":14,"column":83},"end":{"line":16,"column":9}},"line":14},"4":{"name":"(anonymous_4)","decl":{"start":{"line":22,"column":30},"end":{"line":22,"column":31}},"loc":{"start":{"line":22,"column":41},"end":{"line":27,"column":5}},"line":22},"5":{"name":"(anonymous_5)","decl":{"start":{"line":36,"column":25},"end":{"line":36,"column":26}},"loc":{"start":{"line":36,"column":31},"end":{"line":36,"column":55}},"line":36},"6":{"name":"(anonymous_6)","decl":{"start":{"line":40,"column":33},"end":{"line":40,"column":34}},"loc":{"start":{"line":40,"column":49},"end":{"line":42,"column":17}},"line":40}},"branchMap":{"0":{"loc":{"start":{"line":14,"column":34},"end":{"line":16,"column":15}},"type":"cond-expr","locations":[{"start":{"line":14,"column":49},"end":{"line":16,"column":10}},{"start":{"line":16,"column":13},"end":{"line":16,"column":15}}],"line":14},"1":{"loc":{"start":{"line":39,"column":13},"end":{"line":46,"column":24}},"type":"cond-expr","locations":[{"start":{"line":39,"column":31},"end":{"line":46,"column":17}},{"start":{"line":46,"column":20},"end":{"line":46,"column":24}}],"line":39}},"s":{"0":3,"1":58,"2":58,"3":58,"4":58,"5":16,"6":58,"7":18,"8":18,"9":36,"10":18,"11":18,"12":58,"13":2,"14":2,"15":2,"16":2,"17":58,"18":5,"19":26},"f":{"0":58,"1":16,"2":18,"3":36,"4":2,"5":5,"6":26},"b":{"0":[18,0],"1":[24,34]},"_coverageSchema":"1a1c01bbd47fc00a2c39e90264f33305004495a9","hash":"ecdcf0d2a62ffd2003201c2631af2e6e84547775"}
,"/Users/cashmoneyhoney/Desktop/meet/src/components/Event.js": {"path":"/Users/cashmoneyhoney/Desktop/meet/src/components/Event.js","statementMap":{"0":{"start":{"line":3,"column":14},"end":{"line":24,"column":1}},"1":{"start":{"line":4,"column":40},"end":{"line":4,"column":55}},"2":{"start":{"line":5,"column":2},"end":{"line":23,"column":4}},"3":{"start":{"line":18,"column":23},"end":{"line":18,"column":51}}},"fnMap":{"0":{"name":"(anonymous_0)","decl":{"start":{"line":3,"column":14},"end":{"line":3,"column":15}},"loc":{"start":{"line":3,"column":29},"end":{"line":24,"column":1}},"line":3},"1":{"name":"(anonymous_1)","decl":{"start":{"line":18,"column":17},"end":{"line":18,"column":18}},"loc":{"start":{"line":18,"column":23},"end":{"line":18,"column":51}},"line":18}},"branchMap":{"0":{"loc":{"start":{"line":12,"column":7},"end":{"line":16,"column":14}},"type":"cond-expr","locations":[{"start":{"line":13,"column":8},"end":{"line":15,"column":14}},{"start":{"line":16,"column":10},"end":{"line":16,"column":14}}],"line":12},"1":{"loc":{"start":{"line":20,"column":11},"end":{"line":20,"column":56}},"type":"cond-expr","locations":[{"start":{"line":20,"column":25},"end":{"line":20,"column":39}},{"start":{"line":20,"column":42},"end":{"line":20,"column":56}}],"line":20}},"s":{"0":4,"1":187,"2":187,"3":3},"f":{"0":187,"1":3},"b":{"0":[2,185],"1":[2,185]},"_coverageSchema":"1a1c01bbd47fc00a2c39e90264f33305004495a9","hash":"056c3d3faeb2950002b4d1c516ef23fc22e17a24"}
,"/Users/cashmoneyhoney/Desktop/meet/src/components/EventList.js": {"path":"/Users/cashmoneyhoney/Desktop/meet/src/components/EventList.js","statementMap":{"0":{"start":{"line":4,"column":18},"end":{"line":11,"column":1}},"1":{"start":{"line":5,"column":4},"end":{"line":10,"column":6}},"2":{"start":{"line":8,"column":37},"end":{"line":8,"column":75}}},"fnMap":{"0":{"name":"(anonymous_0)","decl":{"start":{"line":4,"column":18},"end":{"line":4,"column":19}},"loc":{"start":{"line":4,"column":34},"end":{"line":11,"column":1}},"line":4},"1":{"name":"(anonymous_1)","decl":{"start":{"line":8,"column":27},"end":{"line":8,"column":28}},"loc":{"start":{"line":8,"column":37},"end":{"line":8,"column":75}},"line":8}},"branchMap":{"0":{"loc":{"start":{"line":7,"column":13},"end":{"line":8,"column":82}},"type":"cond-expr","locations":[{"start":{"line":8,"column":16},"end":{"line":8,"column":76}},{"start":{"line":8,"column":78},"end":{"line":8,"column":82}}],"line":7}},"s":{"0":3,"1":14,"2":177},"f":{"0":14,"1":177},"b":{"0":[12,2]},"_coverageSchema":"1a1c01bbd47fc00a2c39e90264f33305004495a9","hash":"2b2747912aa5d0b4580ccbf0abe8a9f22533180c"}
,"/Users/cashmoneyhoney/Desktop/meet/src/components/NumberOfEvents.js": {"path":"/Users/cashmoneyhoney/Desktop/meet/src/components/NumberOfEvents.js","statementMap":{"0":{"start":{"line":3,"column":23},"end":{"line":32,"column":1}},"1":{"start":{"line":4,"column":32},"end":{"line":4,"column":52}},"2":{"start":{"line":6,"column":31},"end":{"line":17,"column":5}},"3":{"start":{"line":7,"column":22},"end":{"line":7,"column":40}},"4":{"start":{"line":8,"column":8},"end":{"line":8,"column":24}},"5":{"start":{"line":9,"column":8},"end":{"line":16,"column":9}},"6":{"start":{"line":10,"column":12},"end":{"line":10,"column":50}},"7":{"start":{"line":11,"column":15},"end":{"line":16,"column":9}},"8":{"start":{"line":12,"column":12},"end":{"line":12,"column":59}},"9":{"start":{"line":14,"column":12},"end":{"line":14,"column":30}},"10":{"start":{"line":15,"column":12},"end":{"line":15,"column":33}},"11":{"start":{"line":19,"column":4},"end":{"line":31,"column":5}}},"fnMap":{"0":{"name":"(anonymous_0)","decl":{"start":{"line":3,"column":23},"end":{"line":3,"column":24}},"loc":{"start":{"line":3,"column":73},"end":{"line":32,"column":1}},"line":3},"1":{"name":"(anonymous_1)","decl":{"start":{"line":6,"column":31},"end":{"line":6,"column":32}},"loc":{"start":{"line":6,"column":42},"end":{"line":17,"column":5}},"line":6}},"branchMap":{"0":{"loc":{"start":{"line":9,"column":8},"end":{"line":16,"column":9}},"type":"if","locations":[{"start":{"line":9,"column":8},"end":{"line":16,"column":9}},{"start":{"line":11,"column":15},"end":{"line":16,"column":9}}],"line":9},"1":{"loc":{"start":{"line":9,"column":11},"end":{"line":9,"column":37}},"type":"binary-expr","locations":[{"start":{"line":9,"column":11},"end":{"line":9,"column":23}},{"start":{"line":9,"column":27},"end":{"line":9,"column":37}}],"line":9},"2":{"loc":{"start":{"line":11,"column":15},"end":{"line":16,"column":9}},"type":"if","locations":[{"start":{"line":11,"column":15},"end":{"line":16,"column":9}},{"start":{"line":13,"column":15},"end":{"line":16,"column":9}}],"line":11}},"s":{"0":4,"1":18,"2":18,"3":4,"4":4,"5":4,"6":1,"7":3,"8":0,"9":3,"10":3,"11":18},"f":{"0":18,"1":4},"b":{"0":[1,3],"1":[4,4],"2":[0,3]},"_coverageSchema":"1a1c01bbd47fc00a2c39e90264f33305004495a9","hash":"3de5aa9741083be2b5dc93321e984f0545a0f5b9"}
}
