{"/Users/cashmoneyhoney/Desktop/meet/src/App.js": {"path":"/Users/cashmoneyhoney/Desktop/meet/src/App.js","statementMap":{"0":{"start":{"line":7,"column":12},"end":{"line":15,"column":1}},"1":{"start":{"line":8,"column":2},"end":{"line":14,"column":4}}},"fnMap":{"0":{"name":"(anonymous_0)","decl":{"start":{"line":7,"column":12},"end":{"line":7,"column":13}},"loc":{"start":{"line":7,"column":18},"end":{"line":15,"column":1}},"line":7}},"branchMap":{},"s":{"0":1,"1":3},"f":{"0":3},"b":{},"_coverageSchema":"1a1c01bbd47fc00a2c39e90264f33305004495a9","hash":"0480b0580f92cab5e5e10e6741f96b5cd97a68c1"}
,"/Users/cashmoneyhoney/Desktop/meet/src/api.js": {"path":"/Users/cashmoneyhoney/Desktop/meet/src/api.js","statementMap":{"0":{"start":{"line":3,"column":32},"end":{"line":7,"column":1}},"1":{"start":{"line":4,"column":31},"end":{"line":4,"column":68}},"2":{"start":{"line":4,"column":53},"end":{"line":4,"column":67}},"3":{"start":{"line":5,"column":22},"end":{"line":5,"column":54}},"4":{"start":{"line":6,"column":4},"end":{"line":6,"column":21}},"5":{"start":{"line":9,"column":25},"end":{"line":11,"column":1}},"6":{"start":{"line":10,"column":4},"end":{"line":10,"column":20}}},"fnMap":{"0":{"name":"(anonymous_0)","decl":{"start":{"line":3,"column":32},"end":{"line":3,"column":33}},"loc":{"start":{"line":3,"column":44},"end":{"line":7,"column":1}},"line":3},"1":{"name":"(anonymous_1)","decl":{"start":{"line":4,"column":42},"end":{"line":4,"column":43}},"loc":{"start":{"line":4,"column":53},"end":{"line":4,"column":67}},"line":4},"2":{"name":"(anonymous_2)","decl":{"start":{"line":9,"column":25},"end":{"line":9,"column":26}},"loc":{"start":{"line":9,"column":37},"end":{"line":11,"column":1}},"line":9}},"branchMap":{},"s":{"0":2,"1":2,"2":66,"3":2,"4":2,"5":2,"6":3},"f":{"0":2,"1":66,"2":3},"b":{},"_coverageSchema":"1a1c01bbd47fc00a2c39e90264f33305004495a9","hash":"47efa470644c88a29a45435f45dbcae576450804"}
,"/Users/cashmoneyhoney/Desktop/meet/src/mock-data.js": {"path":"/Users/cashmoneyhoney/Desktop/meet/src/mock-data.js","statementMap":{"0":{"start":{"line":1,"column":17},"end":{"line":1289,"column":1}}},"fnMap":{},"branchMap":{},"s":{"0":3},"f":{},"b":{},"_coverageSchema":"1a1c01bbd47fc00a2c39e90264f33305004495a9","hash":"297ad184d674e15f8590813e069dba95cb3463d4"}
,"/Users/cashmoneyhoney/Desktop/meet/src/components/CitySearch.js": {"path":"/Users/cashmoneyhoney/Desktop/meet/src/components/CitySearch.js","statementMap":{"0":{"start":{"line":3,"column":19},"end":{"line":44,"column":1}},"1":{"start":{"line":4,"column":50},"end":{"line":4,"column":65}},"2":{"start":{"line":5,"column":30},"end":{"line":5,"column":42}},"3":{"start":{"line":6,"column":42},"end":{"line":6,"column":54}},"4":{"start":{"line":8,"column":31},"end":{"line":16,"column":5}},"5":{"start":{"line":9,"column":22},"end":{"line":9,"column":40}},"6":{"start":{"line":10,"column":34},"end":{"line":12,"column":15}},"7":{"start":{"line":11,"column":12},"end":{"line":11,"column":76}},"8":{"start":{"line":14,"column":8},"end":{"line":14,"column":24}},"9":{"start":{"line":15,"column":8},"end":{"line":15,"column":42}},"10":{"start":{"line":18,"column":30},"end":{"line":22,"column":5}},"11":{"start":{"line":19,"column":22},"end":{"line":19,"column":46}},"12":{"start":{"line":20,"column":8},"end":{"line":20,"column":24}},"13":{"start":{"line":21,"column":8},"end":{"line":21,"column":34}},"14":{"start":{"line":24,"column":4},"end":{"line":43,"column":6}},"15":{"start":{"line":31,"column":31},"end":{"line":31,"column":55}},"16":{"start":{"line":36,"column":20},"end":{"line":36,"column":93}}},"fnMap":{"0":{"name":"(anonymous_0)","decl":{"start":{"line":3,"column":19},"end":{"line":3,"column":20}},"loc":{"start":{"line":3,"column":41},"end":{"line":44,"column":1}},"line":3},"1":{"name":"(anonymous_1)","decl":{"start":{"line":8,"column":31},"end":{"line":8,"column":32}},"loc":{"start":{"line":8,"column":42},"end":{"line":16,"column":5}},"line":8},"2":{"name":"(anonymous_2)","decl":{"start":{"line":10,"column":69},"end":{"line":10,"column":70}},"loc":{"start":{"line":10,"column":83},"end":{"line":12,"column":9}},"line":10},"3":{"name":"(anonymous_3)","decl":{"start":{"line":18,"column":30},"end":{"line":18,"column":31}},"loc":{"start":{"line":18,"column":41},"end":{"line":22,"column":5}},"line":18},"4":{"name":"(anonymous_4)","decl":{"start":{"line":31,"column":25},"end":{"line":31,"column":26}},"loc":{"start":{"line":31,"column":31},"end":{"line":31,"column":55}},"line":31},"5":{"name":"(anonymous_5)","decl":{"start":{"line":35,"column":33},"end":{"line":35,"column":34}},"loc":{"start":{"line":35,"column":49},"end":{"line":37,"column":17}},"line":35}},"branchMap":{"0":{"loc":{"start":{"line":10,"column":34},"end":{"line":12,"column":15}},"type":"cond-expr","locations":[{"start":{"line":10,"column":49},"end":{"line":12,"column":10}},{"start":{"line":12,"column":13},"end":{"line":12,"column":15}}],"line":10},"1":{"loc":{"start":{"line":34,"column":13},"end":{"line":41,"column":24}},"type":"cond-expr","locations":[{"start":{"line":34,"column":31},"end":{"line":41,"column":17}},{"start":{"line":41,"column":20},"end":{"line":41,"column":24}}],"line":34}},"s":{"0":2,"1":26,"2":26,"3":26,"4":26,"5":12,"6":12,"7":24,"8":12,"9":12,"10":26,"11":1,"12":1,"13":1,"14":26,"15":3,"16":12},"f":{"0":26,"1":12,"2":24,"3":1,"4":3,"5":12},"b":{"0":[12,0],"1":[15,11]},"_coverageSchema":"1a1c01bbd47fc00a2c39e90264f33305004495a9","hash":"71a33eb815d558c43049cb8f587b5cf3fef27d83"}
,"/Users/cashmoneyhoney/Desktop/meet/src/components/Event.js": {"path":"/Users/cashmoneyhoney/Desktop/meet/src/components/Event.js","statementMap":{"0":{"start":{"line":3,"column":14},"end":{"line":24,"column":1}},"1":{"start":{"line":4,"column":40},"end":{"line":4,"column":55}},"2":{"start":{"line":5,"column":2},"end":{"line":23,"column":4}},"3":{"start":{"line":18,"column":23},"end":{"line":18,"column":51}}},"fnMap":{"0":{"name":"(anonymous_0)","decl":{"start":{"line":3,"column":14},"end":{"line":3,"column":15}},"loc":{"start":{"line":3,"column":29},"end":{"line":24,"column":1}},"line":3},"1":{"name":"(anonymous_1)","decl":{"start":{"line":18,"column":17},"end":{"line":18,"column":18}},"loc":{"start":{"line":18,"column":23},"end":{"line":18,"column":51}},"line":18}},"branchMap":{"0":{"loc":{"start":{"line":12,"column":7},"end":{"line":16,"column":14}},"type":"cond-expr","locations":[{"start":{"line":13,"column":8},"end":{"line":15,"column":14}},{"start":{"line":16,"column":10},"end":{"line":16,"column":14}}],"line":12},"1":{"loc":{"start":{"line":20,"column":11},"end":{"line":20,"column":56}},"type":"cond-expr","locations":[{"start":{"line":20,"column":25},"end":{"line":20,"column":39}},{"start":{"line":20,"column":42},"end":{"line":20,"column":56}}],"line":20}},"s":{"0":3,"1":43,"2":43,"3":3},"f":{"0":43,"1":3},"b":{"0":[2,41],"1":[2,41]},"_coverageSchema":"1a1c01bbd47fc00a2c39e90264f33305004495a9","hash":"056c3d3faeb2950002b4d1c516ef23fc22e17a24"}
,"/Users/cashmoneyhoney/Desktop/meet/src/components/EventList.js": {"path":"/Users/cashmoneyhoney/Desktop/meet/src/components/EventList.js","statementMap":{"0":{"start":{"line":4,"column":18},"end":{"line":11,"column":1}},"1":{"start":{"line":5,"column":4},"end":{"line":10,"column":6}},"2":{"start":{"line":8,"column":37},"end":{"line":8,"column":75}}},"fnMap":{"0":{"name":"(anonymous_0)","decl":{"start":{"line":4,"column":18},"end":{"line":4,"column":19}},"loc":{"start":{"line":4,"column":34},"end":{"line":11,"column":1}},"line":4},"1":{"name":"(anonymous_1)","decl":{"start":{"line":8,"column":27},"end":{"line":8,"column":28}},"loc":{"start":{"line":8,"column":37},"end":{"line":8,"column":75}},"line":8}},"branchMap":{"0":{"loc":{"start":{"line":7,"column":13},"end":{"line":8,"column":82}},"type":"cond-expr","locations":[{"start":{"line":8,"column":16},"end":{"line":8,"column":76}},{"start":{"line":8,"column":78},"end":{"line":8,"column":82}}],"line":7}},"s":{"0":2,"1":6,"2":33},"f":{"0":6,"1":33},"b":{"0":[1,5]},"_coverageSchema":"1a1c01bbd47fc00a2c39e90264f33305004495a9","hash":"2b2747912aa5d0b4580ccbf0abe8a9f22533180c"}
,"/Users/cashmoneyhoney/Desktop/meet/src/components/NumberOfEvents.js": {"path":"/Users/cashmoneyhoney/Desktop/meet/src/components/NumberOfEvents.js","statementMap":{"0":{"start":{"line":3,"column":23},"end":{"line":32,"column":1}},"1":{"start":{"line":4,"column":32},"end":{"line":4,"column":52}},"2":{"start":{"line":6,"column":31},"end":{"line":17,"column":5}},"3":{"start":{"line":7,"column":22},"end":{"line":7,"column":40}},"4":{"start":{"line":8,"column":8},"end":{"line":8,"column":24}},"5":{"start":{"line":9,"column":8},"end":{"line":16,"column":9}},"6":{"start":{"line":10,"column":12},"end":{"line":10,"column":50}},"7":{"start":{"line":11,"column":15},"end":{"line":16,"column":9}},"8":{"start":{"line":12,"column":12},"end":{"line":12,"column":59}},"9":{"start":{"line":14,"column":12},"end":{"line":14,"column":30}},"10":{"start":{"line":15,"column":12},"end":{"line":15,"column":33}},"11":{"start":{"line":19,"column":4},"end":{"line":31,"column":5}}},"fnMap":{"0":{"name":"(anonymous_0)","decl":{"start":{"line":3,"column":23},"end":{"line":3,"column":24}},"loc":{"start":{"line":3,"column":73},"end":{"line":32,"column":1}},"line":3},"1":{"name":"(anonymous_1)","decl":{"start":{"line":6,"column":31},"end":{"line":6,"column":32}},"loc":{"start":{"line":6,"column":42},"end":{"line":17,"column":5}},"line":6}},"branchMap":{"0":{"loc":{"start":{"line":9,"column":8},"end":{"line":16,"column":9}},"type":"if","locations":[{"start":{"line":9,"column":8},"end":{"line":16,"column":9}},{"start":{"line":11,"column":15},"end":{"line":16,"column":9}}],"line":9},"1":{"loc":{"start":{"line":9,"column":11},"end":{"line":9,"column":37}},"type":"binary-expr","locations":[{"start":{"line":9,"column":11},"end":{"line":9,"column":23}},{"start":{"line":9,"column":27},"end":{"line":9,"column":37}}],"line":9},"2":{"loc":{"start":{"line":11,"column":15},"end":{"line":16,"column":9}},"type":"if","locations":[{"start":{"line":11,"column":15},"end":{"line":16,"column":9}},{"start":{"line":13,"column":15},"end":{"line":16,"column":9}}],"line":11}},"s":{"0":2,"1":10,"2":10,"3":4,"4":4,"5":4,"6":1,"7":3,"8":0,"9":3,"10":3,"11":10},"f":{"0":10,"1":4},"b":{"0":[1,3],"1":[4,4],"2":[0,3]},"_coverageSchema":"1a1c01bbd47fc00a2c39e90264f33305004495a9","hash":"3de5aa9741083be2b5dc93321e984f0545a0f5b9"}
}
