TN:
SF:src/App.js
FN:7,(anonymous_0)
FNF:1
FNH:1
FNDA:3,(anonymous_0)
DA:7,1
DA:8,3
LF:2
LH:2
BRF:0
BRH:0
end_of_record
TN:
SF:src/api.js
FN:3,(anonymous_0)
FN:4,(anonymous_1)
FN:9,(anonymous_2)
FNF:3
FNH:3
FNDA:2,(anonymous_0)
FNDA:66,(anonymous_1)
FNDA:3,(anonymous_2)
DA:3,2
DA:4,66
DA:5,2
DA:6,2
DA:9,2
DA:10,3
LF:6
LH:6
BRF:0
BRH:0
end_of_record
TN:
SF:src/mock-data.js
FNF:0
FNH:0
DA:1,3
LF:1
LH:1
BRF:0
BRH:0
end_of_record
TN:
SF:src/components/CitySearch.js
FN:3,(anonymous_0)
FN:8,(anonymous_1)
FN:10,(anonymous_2)
FN:18,(anonymous_3)
FN:31,(anonymous_4)
FN:35,(anonymous_5)
FNF:6
FNH:6
FNDA:26,(anonymous_0)
FNDA:12,(anonymous_1)
FNDA:24,(anonymous_2)
FNDA:1,(anonymous_3)
FNDA:3,(anonymous_4)
FNDA:12,(anonymous_5)
DA:3,2
DA:4,26
DA:5,26
DA:6,26
DA:8,26
DA:9,12
DA:10,12
DA:11,24
DA:14,12
DA:15,12
DA:18,26
DA:19,1
DA:20,1
DA:21,1
DA:24,26
DA:31,3
DA:36,12
LF:17
LH:17
BRDA:10,0,0,12
BRDA:10,0,1,0
BRDA:34,1,0,15
BRDA:34,1,1,11
BRF:4
BRH:3
end_of_record
TN:
SF:src/components/Event.js
FN:3,(anonymous_0)
FN:18,(anonymous_1)
FNF:2
FNH:2
FNDA:43,(anonymous_0)
FNDA:3,(anonymous_1)
DA:3,3
DA:4,43
DA:5,43
DA:18,3
LF:4
LH:4
BRDA:12,0,0,2
BRDA:12,0,1,41
BRDA:20,1,0,2
BRDA:20,1,1,41
BRF:4
BRH:4
end_of_record
TN:
SF:src/components/EventList.js
FN:4,(anonymous_0)
FN:8,(anonymous_1)
FNF:2
FNH:2
FNDA:6,(anonymous_0)
FNDA:33,(anonymous_1)
DA:4,2
DA:5,6
DA:8,33
LF:3
LH:3
BRDA:7,0,0,1
BRDA:7,0,1,5
BRF:2
BRH:2
end_of_record
TN:
SF:src/components/NumberOfEvents.js
FN:3,(anonymous_0)
FN:6,(anonymous_1)
FNF:2
FNH:2
FNDA:10,(anonymous_0)
FNDA:4,(anonymous_1)
DA:3,2
DA:4,10
DA:6,10
DA:7,4
DA:8,4
DA:9,4
DA:10,1
DA:11,3
DA:12,0
DA:14,3
DA:15,3
DA:19,10
LF:12
LH:11
BRDA:9,0,0,1
BRDA:9,0,1,3
BRDA:9,1,0,4
BRDA:9,1,1,4
BRDA:11,2,0,0
BRDA:11,2,1,3
BRF:6
BRH:5
end_of_record
