TN:
SF:src/App.js
FN:9,(anonymous_0)
FN:15,(anonymous_1)
FN:19,(anonymous_2)
FN:23,(anonymous_3)
FNF:4
FNH:4
FNDA:12,(anonymous_0)
FNDA:7,(anonymous_1)
FNDA:7,(anonymous_2)
FNDA:33,(anonymous_3)
DA:9,3
DA:10,12
DA:11,11
DA:12,11
DA:13,11
DA:15,11
DA:16,7
DA:19,11
DA:20,7
DA:21,7
DA:23,33
DA:24,7
DA:25,7
DA:28,11
LF:14
LH:14
BRDA:21,0,0,6
BRDA:21,0,1,1
BRF:2
BRH:2
end_of_record
TN:
SF:src/api.js
FN:3,(anonymous_0)
FN:4,(anonymous_1)
FN:9,(anonymous_2)
FNF:3
FNH:3
FNDA:10,(anonymous_0)
FNDA:330,(anonymous_1)
FNDA:12,(anonymous_2)
DA:3,3
DA:4,330
DA:5,10
DA:6,10
DA:9,3
DA:10,12
LF:6
LH:6
BRF:0
BRH:0
end_of_record
TN:
SF:src/mock-data.js
FNF:0
FNH:0
DA:1,4
LF:1
LH:1
BRF:0
BRH:0
end_of_record
TN:
SF:src/components/CitySearch.js
FN:3,(anonymous_0)
FN:8,(anonymous_1)
FN:12,(anonymous_2)
FN:14,(anonymous_3)
FN:22,(anonymous_4)
FN:36,(anonymous_5)
FN:40,(anonymous_6)
FNF:7
FNH:7
FNDA:58,(anonymous_0)
FNDA:16,(anonymous_1)
FNDA:18,(anonymous_2)
FNDA:36,(anonymous_3)
FNDA:2,(anonymous_4)
FNDA:5,(anonymous_5)
FNDA:26,(anonymous_6)
DA:3,3
DA:4,58
DA:5,58
DA:6,58
DA:8,58
DA:9,16
DA:12,58
DA:13,18
DA:14,18
DA:15,36
DA:18,18
DA:19,18
DA:22,58
DA:23,2
DA:24,2
DA:25,2
DA:26,2
DA:29,58
DA:36,5
DA:41,26
LF:20
LH:20
BRDA:14,0,0,18
BRDA:14,0,1,0
BRDA:39,1,0,24
BRDA:39,1,1,34
BRF:4
BRH:3
end_of_record
TN:
SF:src/components/Event.js
FN:3,(anonymous_0)
FN:18,(anonymous_1)
FNF:2
FNH:2
FNDA:187,(anonymous_0)
FNDA:3,(anonymous_1)
DA:3,4
DA:4,187
DA:5,187
DA:18,3
LF:4
LH:4
BRDA:12,0,0,2
BRDA:12,0,1,185
BRDA:20,1,0,2
BRDA:20,1,1,185
BRF:4
BRH:4
end_of_record
TN:
SF:src/components/EventList.js
FN:4,(anonymous_0)
FN:8,(anonymous_1)
FNF:2
FNH:2
FNDA:14,(anonymous_0)
FNDA:177,(anonymous_1)
DA:4,3
DA:5,14
DA:8,177
LF:3
LH:3
BRDA:7,0,0,12
BRDA:7,0,1,2
BRF:2
BRH:2
end_of_record
TN:
SF:src/components/NumberOfEvents.js
FN:3,(anonymous_0)
FN:6,(anonymous_1)
FNF:2
FNH:2
FNDA:18,(anonymous_0)
FNDA:4,(anonymous_1)
DA:3,4
DA:4,18
DA:6,18
DA:7,4
DA:8,4
DA:9,4
DA:10,1
DA:11,3
DA:12,0
DA:14,3
DA:15,3
DA:19,18
LF:12
LH:11
BRDA:9,0,0,1
BRDA:9,0,1,3
BRDA:9,1,0,4
BRDA:9,1,1,4
BRDA:11,2,0,0
BRDA:11,2,1,3
BRF:6
BRH:5
end_of_record
